  bot.cpp
f:\sae stuff\trimester 6 - 16t2\studio 2\project 1 - killbots\projects\rybot\Path.h(3): warning C4067: unexpected tokens following preprocessor directive - expected a newline
f:\sae stuff\trimester 6 - 16t2\studio 2\project 1 - killbots\projects\rybot\Path.h(22): warning C4244: '+=': conversion from 'float' to 'int', possible loss of data
bot.cpp(16): warning C4244: 'argument': conversion from 'time_t' to 'kf::u32', possible loss of data
bot.cpp(196): warning C4244: 'argument': conversion from 'int' to 'float', possible loss of data
bot.cpp(201): warning C4244: 'argument': conversion from 'int' to 'float', possible loss of data
bot.cpp(240): warning C4018: '<': signed/unsigned mismatch
bot.cpp(242): warning C4018: '<': signed/unsigned mismatch
bot.cpp(339): warning C4244: '=': conversion from 'float' to 'int', possible loss of data
bot.cpp(363): warning C4244: '=': conversion from 'int' to 'float', possible loss of data
bot.cpp(441): warning C4244: '=': conversion from 'float' to 'int', possible loss of data
bot.cpp(461): warning C4018: '>=': signed/unsigned mismatch
bot.cpp(492): warning C4244: 'initializing': conversion from 'float' to 'int', possible loss of data
bot.cpp(493): warning C4244: 'initializing': conversion from 'float' to 'int', possible loss of data
bot.cpp(494): warning C4244: 'argument': conversion from 'int' to 'float', possible loss of data
     Creating library F:\SAE Stuff\Trimester 6 - 16T2\Studio 2\Project 1 - Killbots\temp\Release\RyBot\RyBot.lib and object F:\SAE Stuff\Trimester 6 - 16T2\Studio 2\Project 1 - Killbots\temp\Release\RyBot\RyBot.exp
  Generating code
  2 of 653 functions ( 0.3%) were compiled, the rest were copied from previous compilation.
    0 functions were new in current compilation
    0 functions had inline decision re-evaluated but remain unchanged
  Finished generating code
  RyBot.vcxproj -> F:\SAE Stuff\Trimester 6 - 16T2\Studio 2\Project 1 - Killbots\bin\data\bots\RyBot.dll
